<?xml version="1.0" encoding="UTF-8"?>
<!-- Generated by org.testng.reporters.JUnitReportReporter -->
<testsuite hostname="PANCHASHREE" failures="0" tests="1" name="mypractice.RamuProg1" time="9.614" errors="0" timestamp="2024-02-08T13:20:15 AEST" skipped="0">
  <testcase classname="mypractice.RamuProg1" name="testSearch" time="9.614"/>
</testsuite> <!-- mypractice.RamuProg1 -->
