<?xml version="1.0" encoding="UTF-8"?>
<!-- Generated by org.testng.reporters.JUnitReportReporter -->
<testsuite hostname="PANCHASHREE" failures="0" tests="1" name="class50_TestNg.FirstTestTestNg" time="0.015" errors="0" timestamp="2024-02-12T10:35:04 AEST" skipped="0">
  <testcase classname="class50_TestNg.FirstTestTestNg" name="test1" time="0.015"/>
</testsuite> <!-- class50_TestNg.FirstTestTestNg -->
