<?xml version="1.0" encoding="UTF-8"?>
<!-- Generated by org.testng.reporters.JUnitReportReporter -->
<testsuite hostname="PANCHASHREE" failures="0" tests="1" name="mypractice.UserAPITest" time="2.189" errors="0" timestamp="2024-01-09T20:37:45 AEST" skipped="0">
  <testcase classname="mypractice.UserAPITest" name="getUserDetails" time="2.189"/>
</testsuite> <!-- mypractice.UserAPITest -->
