<?xml version="1.0" encoding="UTF-8"?>
<!-- Generated by org.testng.reporters.JUnitReportReporter -->
<testsuite hostname="PANCHASHREE" failures="0" tests="5" name="breakoutTaskClass61.Nirali_Program" time="23.894" errors="0" timestamp="2024-02-20T11:18:34 AEST" skipped="0">
  <testcase classname="breakoutTaskClass61.Nirali_Program" name="Signuppage" time="2.853"/>
  <testcase classname="breakoutTaskClass61.Nirali_Program" name="checksignUpbutton" time="3.240"/>
  <testcase classname="breakoutTaskClass61.Nirali_Program" name="SignupPage" time="5.954"/>
  <testcase classname="breakoutTaskClass61.Nirali_Program" name="SignupPage" time="6.194"/>
  <testcase classname="breakoutTaskClass61.Nirali_Program" name="SignupPage" time="5.653"/>
  <system-out>
    <![CDATA[Thread id 1
Thread id 1
Thread id 1
Thread id 1
Thread id 1]]>
  </system-out>
</testsuite> <!-- breakoutTaskClass61.Nirali_Program -->
