<?xml version="1.0" encoding="UTF-8"?>
<!-- Generated by org.testng.reporters.JUnitReportReporter -->
<testsuite hostname="PANCHASHREE" failures="0" tests="2" name="breakoutTaskClass_60.ExcelDataProvider" time="8.848" errors="0" timestamp="2024-02-19T10:39:28 AEST" skipped="0">
  <testcase classname="breakoutTaskClass_60.ExcelDataProvider" name="search" time="5.915">
    <system-out>
      <![CDATA[Keyword entered is : Sush Gowda
Search results are displayed.]]>
    </system-out>
  </testcase> <!-- search -->
  <testcase classname="breakoutTaskClass_60.ExcelDataProvider" name="search" time="2.933">
    <system-out>
      <![CDATA[Keyword entered is : Thanvi Sush
Search results are displayed.]]>
    </system-out>
  </testcase> <!-- search -->
  <system-out>
    <![CDATA[Keyword entered is : Sush Gowda
Search results are displayed.
Keyword entered is : Thanvi Sush
Search results are displayed.]]>
  </system-out>
</testsuite> <!-- breakoutTaskClass_60.ExcelDataProvider -->
