<?xml version="1.0" encoding="UTF-8"?>
<!-- Generated by org.testng.reporters.JUnitReportReporter -->
<testsuite hostname="PANCHASHREE" failures="0" tests="5" name="breakoutTaskClass_60.TestDataEntry" time="4.147" errors="0" timestamp="2024-02-19T14:05:33 AEST" skipped="0">
  <testcase classname="breakoutTaskClass_60.TestDataEntry" name="verifyUrl" time="0.063"/>
  <testcase classname="breakoutTaskClass_60.TestDataEntry" name="signUpDisabled" time="0.629"/>
  <testcase classname="breakoutTaskClass_60.TestDataEntry" name="signUpPage" time="1.231"/>
  <testcase classname="breakoutTaskClass_60.TestDataEntry" name="signUpPage" time="1.103"/>
  <testcase classname="breakoutTaskClass_60.TestDataEntry" name="signUpPage" time="1.121"/>
</testsuite> <!-- breakoutTaskClass_60.TestDataEntry -->
