<?xml version="1.0" encoding="UTF-8"?>
<!-- Generated by org.testng.reporters.JUnitReportReporter -->
<testsuite hostname="PANCHASHREE" failures="0" tests="5" name="breakoutTaskClass_60.BreakOutTask" time="11.257" errors="0" timestamp="2024-02-19T10:39:28 AEST" skipped="0">
  <testcase classname="breakoutTaskClass_60.BreakOutTask" name="signUpPage" time="3.876"/>
  <testcase classname="breakoutTaskClass_60.BreakOutTask" name="signUpPage" time="3.535"/>
  <testcase classname="breakoutTaskClass_60.BreakOutTask" name="signUpPage" time="3.697"/>
  <testcase classname="breakoutTaskClass_60.BreakOutTask" name="verifyUrl" time="0.042"/>
  <testcase classname="breakoutTaskClass_60.BreakOutTask" name="signUpDisabled" time="0.107"/>
  <system-out>
    <![CDATA[Keyword entered is : Sush Gowda
Search results are displayed.
Keyword entered is : Thanvi Sush
Search results are displayed.]]>
  </system-out>
</testsuite> <!-- breakoutTaskClass_60.BreakOutTask -->
