<?xml version="1.0" encoding="UTF-8"?>
<!-- Generated by org.testng.reporters.JUnitReportReporter -->
<testsuite hostname="PANCHASHREE" failures="0" tests="3" name="parallelTest.ParallelTest" time="0.015" errors="0" timestamp="2024-02-13T16:34:01 AEST" skipped="0">
  <testcase classname="parallelTest.ParallelTest" name="test3" time="0.001">
    <system-out>
      <![CDATA[Thread ID: 22
Executed Test3]]>
    </system-out>
  </testcase> <!-- test3 -->
  <testcase classname="parallelTest.ParallelTest" name="test1" time="0.012">
    <system-out>
      <![CDATA[Thread ID: 22
Executed Test1]]>
    </system-out>
  </testcase> <!-- test1 -->
  <testcase classname="parallelTest.ParallelTest" name="test2" time="0.002">
    <system-out>
      <![CDATA[Thread ID: 22
Executed Test2]]>
    </system-out>
  </testcase> <!-- test2 -->
  <system-out>
    <![CDATA[Thread ID: 22
Executed Test1
Thread ID: 22
Executed Test2
Thread ID: 22
Executed Test3
Thread ID: 22
Executed Test4
Thread ID: 22
Executed Test5
Thread ID: 22
Executed Test6]]>
  </system-out>
</testsuite> <!-- parallelTest.ParallelTest -->
