<?xml version="1.0" encoding="UTF-8"?>
<!-- Generated by org.testng.reporters.JUnitReportReporter -->
<testsuite hostname="PANCHASHREE" failures="0" tests="3" name="parallelTest.ParallelTest2" time="0.006" errors="0" timestamp="2024-02-13T16:34:01 AEST" skipped="0">
  <testcase classname="parallelTest.ParallelTest2" name="test4" time="0.002">
    <system-out>
      <![CDATA[Thread ID: 22
Executed Test4]]>
    </system-out>
  </testcase> <!-- test4 -->
  <testcase classname="parallelTest.ParallelTest2" name="test6" time="0.002">
    <system-out>
      <![CDATA[Thread ID: 22
Executed Test6]]>
    </system-out>
  </testcase> <!-- test6 -->
  <testcase classname="parallelTest.ParallelTest2" name="test5" time="0.002">
    <system-out>
      <![CDATA[Thread ID: 22
Executed Test5]]>
    </system-out>
  </testcase> <!-- test5 -->
  <system-out>
    <![CDATA[Thread ID: 22
Executed Test1
Thread ID: 22
Executed Test2
Thread ID: 22
Executed Test3
Thread ID: 22
Executed Test4
Thread ID: 22
Executed Test5
Thread ID: 22
Executed Test6]]>
  </system-out>
</testsuite> <!-- parallelTest.ParallelTest2 -->
