<?xml version="1.0" encoding="UTF-8"?>
<!-- Generated by org.testng.reporters.JUnitReportReporter -->
<testsuite hostname="PANCHASHREE" failures="0" tests="2" name="dataProvide.DataProviderDemo" time="0.014" errors="0" timestamp="2024-02-14T16:37:50 AEST" skipped="0">
  <testcase classname="dataProvide.DataProviderDemo" name="test1" time="0.000"/>
  <testcase classname="dataProvide.DataProviderDemo" name="test1" time="0.014"/>
</testsuite> <!-- dataProvide.DataProviderDemo -->
