<?xml version="1.0" encoding="UTF-8"?>
<!-- Generated by org.testng.reporters.JUnitReportReporter -->
<testsuite hostname="PANCHASHREE" failures="0" tests="6" name="class50_TestNg.FirstTestNgTest2" time="0.010" errors="0" timestamp="2024-02-12T10:35:04 AEST" skipped="0">
  <testcase classname="class50_TestNg.FirstTestNgTest2" name="logintest" time="0.001"/>
  <testcase classname="class50_TestNg.FirstTestNgTest2" name="createcategory" time="0.002"/>
  <testcase classname="class50_TestNg.FirstTestNgTest2" name="createcourses" time="0.001"/>
  <testcase classname="class50_TestNg.FirstTestNgTest2" name="deletecategory" time="0.002"/>
  <testcase classname="class50_TestNg.FirstTestNgTest2" name="deletecourses" time="0.002"/>
  <testcase classname="class50_TestNg.FirstTestNgTest2" name="logout" time="0.002"/>
</testsuite> <!-- class50_TestNg.FirstTestNgTest2 -->
